<?xml version="1.0" encoding="UTF-8"?>
<robot generator="Robot 5.0.1 (Python 3.9.11 on win32)" generated="20220805 16:05:39.100" rpa="false" schemaversion="3">
<suite id="s1" name="Confluence-Robotframework" source="C:\AutoScript\RobotFrameworks\confluence-robotframework">
<suite id="s1-s1" name="Src" source="C:\AutoScript\RobotFrameworks\confluence-robotframework\src">
<suite id="s1-s1-s1" name="Test Cases" source="C:\AutoScript\RobotFrameworks\confluence-robotframework\src\test_cases">
<suite id="s1-s1-s1-s1" name="Confluence-Search" source="C:\AutoScript\RobotFrameworks\confluence-robotframework\src\test_cases\confluence-search.robot">
<test id="s1-s1-s1-s1-t1" name="Successful search on confluence" line="6">
<kw name="Given user open the confluence" library="search-keywords-steps">
<kw name="open the application" library="home-page-object">
<arg>url=https://confluence.ap.manulife.com/</arg>
<kw name="Open Browser" library="SeleniumLibrary">
<arg>url=${url}</arg>
<arg>browser=chrome</arg>
<doc>Opens a new browser instance to the optional ``url``.</doc>
<msg timestamp="20220805 16:05:39.933" level="INFO">Opening browser 'chrome' to base url 'https://confluence.ap.manulife.com/'.</msg>
<status status="PASS" starttime="20220805 16:05:39.933" endtime="20220805 16:05:49.225"/>
</kw>
<status status="PASS" starttime="20220805 16:05:39.933" endtime="20220805 16:05:49.225"/>
</kw>
<status status="PASS" starttime="20220805 16:05:39.933" endtime="20220805 16:05:49.226"/>
</kw>
<kw name="When user search for" library="search-keywords-steps">
<arg>query=QE Automation Agenda</arg>
<kw name="insert into search input" library="home-page-object">
<arg>text=${query}</arg>
<kw name="Click Element" library="SeleniumLibrary">
<arg>locator=quick-search-query</arg>
<doc>Click the element identified by ``locator``.</doc>
<msg timestamp="20220805 16:05:49.229" level="INFO">Clicking element 'quick-search-query'.</msg>
<status status="PASS" starttime="20220805 16:05:49.229" endtime="20220805 16:05:49.483"/>
</kw>
<kw name="Wait Until Element Is Visible" library="SeleniumLibrary">
<arg>locator=search-filter-input</arg>
<arg>timeout=10</arg>
<doc>Waits until the element ``locator`` is visible.</doc>
<status status="PASS" starttime="20220805 16:05:49.484" endtime="20220805 16:05:51.205"/>
</kw>
<kw name="Input Text" library="SeleniumLibrary">
<arg>locator=search-filter-input</arg>
<arg>text=${text}</arg>
<doc>Types the given ``text`` into the text field identified by ``locator``.</doc>
<msg timestamp="20220805 16:05:51.205" level="INFO">Typing text 'QE Automation Agenda' into text field 'search-filter-input'.</msg>
<status status="PASS" starttime="20220805 16:05:51.205" endtime="20220805 16:05:51.491"/>
</kw>
<status status="PASS" starttime="20220805 16:05:49.228" endtime="20220805 16:05:51.491"/>
</kw>
<status status="PASS" starttime="20220805 16:05:49.227" endtime="20220805 16:05:51.491"/>
</kw>
<kw name="Then user should find the page" library="search-keywords-steps">
<arg>title=ID QE Automation Agenda</arg>
<kw name="element should be found" library="search-page-object">
<arg>title=${title}</arg>
<kw name="Sleep" library="BuiltIn">
<arg>5</arg>
<doc>Pauses the test executed for the given time.</doc>
<msg timestamp="20220805 16:05:56.511" level="INFO">Slept 5 seconds</msg>
<status status="PASS" starttime="20220805 16:05:51.494" endtime="20220805 16:05:56.511"/>
</kw>
<kw name="Element Should Be Visible" library="SeleniumLibrary">
<arg>locator=//*[@title='${title}']</arg>
<doc>Verifies that the element identified by ``locator`` is visible.</doc>
<msg timestamp="20220805 16:05:56.568" level="INFO">Element '//*[@title='ID QE Automation Agenda']' is displayed.</msg>
<status status="PASS" starttime="20220805 16:05:56.511" endtime="20220805 16:05:56.568"/>
</kw>
<kw name="Capture Page Screenshot" library="SeleniumLibrary">
<doc>Takes a screenshot of the current page and embeds it into a log file.</doc>
<msg timestamp="20220805 16:05:57.294" level="INFO" html="true">&lt;/td&gt;&lt;/tr&gt;&lt;tr&gt;&lt;td colspan="3"&gt;&lt;a href="selenium-screenshot-5.png"&gt;&lt;img src="selenium-screenshot-5.png" width="800px"&gt;&lt;/a&gt;</msg>
<status status="PASS" starttime="20220805 16:05:56.568" endtime="20220805 16:05:57.294"/>
</kw>
<status status="PASS" starttime="20220805 16:05:51.493" endtime="20220805 16:05:57.294"/>
</kw>
<kw name="close the application" library="home-page-object">
<kw name="Close Browser" library="SeleniumLibrary">
<doc>Closes the current browser.</doc>
<status status="PASS" starttime="20220805 16:05:57.294" endtime="20220805 16:05:59.911"/>
</kw>
<status status="PASS" starttime="20220805 16:05:57.294" endtime="20220805 16:05:59.912"/>
</kw>
<status status="PASS" starttime="20220805 16:05:51.492" endtime="20220805 16:05:59.912"/>
</kw>
<status status="PASS" starttime="20220805 16:05:39.930" endtime="20220805 16:05:59.914"/>
</test>
<test id="s1-s1-s1-s1-t2" name="Unsuccessful search on confluence" line="11">
<kw name="Given user open the confluence" library="search-keywords-steps">
<kw name="open the application" library="home-page-object">
<arg>url=https://confluence.ap.manulife.com/</arg>
<kw name="Open Browser" library="SeleniumLibrary">
<arg>url=${url}</arg>
<arg>browser=chrome</arg>
<doc>Opens a new browser instance to the optional ``url``.</doc>
<msg timestamp="20220805 16:05:59.920" level="INFO">Opening browser 'chrome' to base url 'https://confluence.ap.manulife.com/'.</msg>
<status status="PASS" starttime="20220805 16:05:59.920" endtime="20220805 16:06:06.621"/>
</kw>
<status status="PASS" starttime="20220805 16:05:59.920" endtime="20220805 16:06:06.621"/>
</kw>
<status status="PASS" starttime="20220805 16:05:59.919" endtime="20220805 16:06:06.622"/>
</kw>
<kw name="When user search for" library="search-keywords-steps">
<arg>query=jasndlajwdoasbdoasjdbasdljb</arg>
<kw name="insert into search input" library="home-page-object">
<arg>text=${query}</arg>
<kw name="Click Element" library="SeleniumLibrary">
<arg>locator=quick-search-query</arg>
<doc>Click the element identified by ``locator``.</doc>
<msg timestamp="20220805 16:06:06.626" level="INFO">Clicking element 'quick-search-query'.</msg>
<status status="PASS" starttime="20220805 16:06:06.625" endtime="20220805 16:06:06.784"/>
</kw>
<kw name="Wait Until Element Is Visible" library="SeleniumLibrary">
<arg>locator=search-filter-input</arg>
<arg>timeout=10</arg>
<doc>Waits until the element ``locator`` is visible.</doc>
<status status="PASS" starttime="20220805 16:06:06.784" endtime="20220805 16:06:08.627"/>
</kw>
<kw name="Input Text" library="SeleniumLibrary">
<arg>locator=search-filter-input</arg>
<arg>text=${text}</arg>
<doc>Types the given ``text`` into the text field identified by ``locator``.</doc>
<msg timestamp="20220805 16:06:08.628" level="INFO">Typing text 'jasndlajwdoasbdoasjdbasdljb' into text field 'search-filter-input'.</msg>
<status status="PASS" starttime="20220805 16:06:08.627" endtime="20220805 16:06:08.917"/>
</kw>
<status status="PASS" starttime="20220805 16:06:06.624" endtime="20220805 16:06:08.917"/>
</kw>
<status status="PASS" starttime="20220805 16:06:06.623" endtime="20220805 16:06:08.918"/>
</kw>
<kw name="Then user should get no result notification" library="search-keywords-steps">
<kw name="should display no result" library="search-page-object">
<kw name="Wait Until Element Is Visible" library="SeleniumLibrary">
<arg>locator=//p[contains(text(),"We couldn't find anything matching")]</arg>
<arg>timeout=10</arg>
<doc>Waits until the element ``locator`` is visible.</doc>
<status status="PASS" starttime="20220805 16:06:08.920" endtime="20220805 16:06:10.396"/>
</kw>
<kw name="Capture Page Screenshot" library="SeleniumLibrary">
<doc>Takes a screenshot of the current page and embeds it into a log file.</doc>
<msg timestamp="20220805 16:06:10.633" level="INFO" html="true">&lt;/td&gt;&lt;/tr&gt;&lt;tr&gt;&lt;td colspan="3"&gt;&lt;a href="selenium-screenshot-6.png"&gt;&lt;img src="selenium-screenshot-6.png" width="800px"&gt;&lt;/a&gt;</msg>
<status status="PASS" starttime="20220805 16:06:10.396" endtime="20220805 16:06:10.633"/>
</kw>
<status status="PASS" starttime="20220805 16:06:08.920" endtime="20220805 16:06:10.633"/>
</kw>
<kw name="close the application" library="home-page-object">
<kw name="Close Browser" library="SeleniumLibrary">
<doc>Closes the current browser.</doc>
<status status="PASS" starttime="20220805 16:06:10.633" endtime="20220805 16:06:13.191"/>
</kw>
<status status="PASS" starttime="20220805 16:06:10.633" endtime="20220805 16:06:13.192"/>
</kw>
<status status="PASS" starttime="20220805 16:06:08.919" endtime="20220805 16:06:13.192"/>
</kw>
<status status="PASS" starttime="20220805 16:05:59.917" endtime="20220805 16:06:13.193"/>
</test>
<status status="PASS" starttime="20220805 16:05:39.176" endtime="20220805 16:06:13.195"/>
</suite>
<suite id="s1-s1-s1-s2" name="GoogleSearch" source="C:\AutoScript\RobotFrameworks\confluence-robotframework\src\test_cases\GoogleSearch.robot">
<test id="s1-s1-s1-s2-t1" name="This is sample test case" line="6">
<kw name="*** [tags] regression ***">
<msg timestamp="20220805 16:06:13.215" level="FAIL">No keyword with name '*** [tags] regression ***' found.</msg>
<status status="FAIL" starttime="20220805 16:06:13.215" endtime="20220805 16:06:13.215"/>
</kw>
<kw name="Open Browser https://www.google.com chrome">
<status status="NOT RUN" starttime="20220805 16:06:13.218" endtime="20220805 16:06:13.218"/>
</kw>
<kw name="Close Browser">
<status status="NOT RUN" starttime="20220805 16:06:13.225" endtime="20220805 16:06:13.225"/>
</kw>
<doc>Google Test</doc>
<status status="FAIL" starttime="20220805 16:06:13.214" endtime="20220805 16:06:13.227">No keyword with name '*** [tags] regression ***' found.</status>
</test>
<status status="FAIL" starttime="20220805 16:06:13.200" endtime="20220805 16:06:13.228"/>
</suite>
<status status="FAIL" starttime="20220805 16:05:39.168" endtime="20220805 16:06:13.233"/>
</suite>
<status status="FAIL" starttime="20220805 16:05:39.162" endtime="20220805 16:06:13.236"/>
</suite>
<status status="FAIL" starttime="20220805 16:05:39.108" endtime="20220805 16:06:13.241"/>
</suite>
<statistics>
<total>
<stat pass="2" fail="1" skip="0">All Tests</stat>
</total>
<tag>
</tag>
<suite>
<stat pass="2" fail="1" skip="0" id="s1" name="Confluence-Robotframework">Confluence-Robotframework</stat>
<stat pass="2" fail="1" skip="0" id="s1-s1" name="Src">Confluence-Robotframework.Src</stat>
<stat pass="2" fail="1" skip="0" id="s1-s1-s1" name="Test Cases">Confluence-Robotframework.Src.Test Cases</stat>
<stat pass="2" fail="0" skip="0" id="s1-s1-s1-s1" name="Confluence-Search">Confluence-Robotframework.Src.Test Cases.Confluence-Search</stat>
<stat pass="0" fail="1" skip="0" id="s1-s1-s1-s2" name="GoogleSearch">Confluence-Robotframework.Src.Test Cases.GoogleSearch</stat>
</suite>
</statistics>
<errors>
</errors>
</robot>
